mode: set
github.com\widuu\conf.go:26.41,31.2 3 1
github.com\widuu\conf.go:34.56,37.25 3 1
github.com\widuu\conf.go:44.2,44.19 1 0
github.com\widuu\conf.go:37.25,38.29 1 1
github.com\widuu\conf.go:38.29,39.22 1 1
github.com\widuu\conf.go:39.22,41.5 1 1
github.com\widuu\conf.go:48.60,54.25 6 1
github.com\widuu\conf.go:59.2,59.48 1 1
github.com\widuu\conf.go:68.2,68.8 1 1
github.com\widuu\conf.go:78.2,78.14 1 0
github.com\widuu\conf.go:54.25,57.3 2 1
github.com\widuu\conf.go:59.48,60.23 1 1
github.com\widuu\conf.go:65.3,65.18 1 0
github.com\widuu\conf.go:60.23,61.17 1 1
github.com\widuu\conf.go:61.17,63.5 1 1
github.com\widuu\conf.go:68.8,71.3 2 1
github.com\widuu\conf.go:71.4,76.3 4 0
github.com\widuu\conf.go:82.57,85.25 3 1
github.com\widuu\conf.go:93.2,93.14 1 0
github.com\widuu\conf.go:85.25,86.25 1 1
github.com\widuu\conf.go:86.25,87.22 1 1
github.com\widuu\conf.go:87.22,90.5 2 1
github.com\widuu\conf.go:97.60,100.16 2 1
github.com\widuu\conf.go:103.2,107.6 5 1
github.com\widuu\conf.go:135.2,135.19 1 1
github.com\widuu\conf.go:100.16,102.3 1 0
github.com\widuu\conf.go:107.6,110.17 3 1
github.com\widuu\conf.go:118.3,118.10 1 1
github.com\widuu\conf.go:110.17,111.21 1 1
github.com\widuu\conf.go:114.4,114.22 1 1
github.com\widuu\conf.go:111.21,113.5 1 0
github.com\widuu\conf.go:114.22,115.10 1 1
github.com\widuu\conf.go:119.3,119.23 0 1
github.com\widuu\conf.go:120.3,123.43 3 1
github.com\widuu\conf.go:124.3,128.38 4 1
github.com\widuu\conf.go:128.38,130.5 1 1
github.com\widuu\conf.go:138.33,139.16 1 0
github.com\widuu\conf.go:142.2,142.30 1 0
github.com\widuu\conf.go:139.16,141.3 1 0
github.com\widuu\conf.go:146.48,147.31 1 1
github.com\widuu\conf.go:154.2,154.13 1 1
github.com\widuu\conf.go:147.31,148.23 1 1
github.com\widuu\conf.go:148.23,149.17 1 1
github.com\widuu\conf.go:149.17,151.5 1 1
